<?xml version="1.0" encoding="UTF-8"?>
<testng-results total="1" passed="1" failed="0" skipped="0">
  <reporter-output>
  </reporter-output>
  <suite started-at="2020-02-23T17:19:12Z" name="SimpleTest" finished-at="2020-02-23T17:19:12Z" duration-ms="16">
    <groups>
    </groups>
    <test started-at="2020-02-23T17:19:12Z" name="Command line test" finished-at="2020-02-23T17:19:12Z" duration-ms="16">
      <class name="SimpleTest">
        <test-method signature="SimpleTest()[pri:0, instance:SimpleTest@3632be31]" started-at="2020-02-23T12:19:12Z" name="SimpleTest" finished-at="2020-02-23T12:19:12Z" duration-ms="6" status="PASS">
          <reporter-output>
          </reporter-output>
        </test-method> <!-- SimpleTest -->
      </class> <!-- SimpleTest -->
    </test> <!-- Command line test -->
  </suite> <!-- SimpleTest -->
</testng-results>
